<?xml version="1.0" encoding="UTF-8"?>
<testsuite xmlns:xsi="http://www.w3.org/2001/XMLSchema-instance" xsi:noNamespaceSchemaLocation="https://maven.apache.org/surefire/maven-surefire-plugin/xsd/surefire-test-report.xsd" name="TestSuite" time="121.296" tests="23" errors="0" skipped="0" failures="0">
  <properties>
    <property name="java.specification.version" value="13"/>
    <property name="sun.cpu.isalist" value="amd64"/>
    <property name="sun.jnu.encoding" value="Cp1252"/>
    <property name="java.class.path" value="C:\Maven\apache-maven-3.6.3\bin\..\boot\plexus-classworlds-2.6.0.jar"/>
    <property name="java.vm.vendor" value="Oracle Corporation"/>
    <property name="sun.arch.data.model" value="64"/>
    <property name="user.variant" value=""/>
    <property name="java.vendor.url" value="https://java.oracle.com/"/>
    <property name="user.timezone" value="America/La_Paz"/>
    <property name="maven.conf" value="C:\Maven\apache-maven-3.6.3\bin\../conf"/>
    <property name="java.vm.specification.version" value="13"/>
    <property name="os.name" value="Windows 10"/>
    <property name="sun.java.launcher" value="SUN_STANDARD"/>
    <property name="user.country" value="US"/>
    <property name="sun.boot.library.path" value="C:\Program Files\Java\jdk-13.0.2\bin"/>
    <property name="sun.java.command" value="org.codehaus.plexus.classworlds.launcher.Launcher test"/>
    <property name="jdk.debug" value="release"/>
    <property name="maven.home" value="C:\Maven\apache-maven-3.6.3\bin\.."/>
    <property name="sun.cpu.endian" value="little"/>
    <property name="user.home" value="C:\Users\AbrahamE"/>
    <property name="user.language" value="en"/>
    <property name="sun.stderr.encoding" value="cp437"/>
    <property name="java.specification.vendor" value="Oracle Corporation"/>
    <property name="java.version.date" value="2020-01-14"/>
    <property name="java.home" value="C:\Program Files\Java\jdk-13.0.2"/>
    <property name="file.separator" value="\"/>
    <property name="java.vm.compressedOopsMode" value="32-bit"/>
    <property name="line.separator" value="&#10;"/>
    <property name="sun.stdout.encoding" value="cp437"/>
    <property name="java.vm.specification.vendor" value="Oracle Corporation"/>
    <property name="java.specification.name" value="Java Platform API Specification"/>
    <property name="user.script" value=""/>
    <property name="sun.management.compiler" value="HotSpot 64-Bit Tiered Compilers"/>
    <property name="java.runtime.version" value="13.0.2+8"/>
    <property name="user.name" value="AbrahamE"/>
    <property name="path.separator" value=";"/>
    <property name="os.version" value="10.0"/>
    <property name="java.runtime.name" value="Java(TM) SE Runtime Environment"/>
    <property name="file.encoding" value="Cp1252"/>
    <property name="guice.disable.misplaced.annotation.check" value="true"/>
    <property name="java.vm.name" value="Java HotSpot(TM) 64-Bit Server VM"/>
    <property name="java.vendor.url.bug" value="https://bugreport.java.com/bugreport/"/>
    <property name="java.io.tmpdir" value="C:\Users\AbrahamE\AppData\Local\Temp\"/>
    <property name="java.version" value="13.0.2"/>
    <property name="user.dir" value="c:\Users\AbrahamE\IdeaProjects\CafeTownsendAutomation"/>
    <property name="os.arch" value="amd64"/>
    <property name="maven.multiModuleProjectDirectory" value="c:\Users\AbrahamE\IdeaProjects\CafeTownsendAutomation"/>
    <property name="java.vm.specification.name" value="Java Virtual Machine Specification"/>
    <property name="sun.os.patch.level" value=""/>
    <property name="java.library.path" value="C:\Program Files\Java\jdk-13.0.2\bin;C:\WINDOWS\Sun\Java\bin;C:\WINDOWS\system32;C:\WINDOWS;C:\ProgramData\Oracle\Java\javapath;C:\Program Files (x86)\Intel\iCLS Client\;C:\Program Files\Intel\iCLS Client\;C:\WINDOWS\system32;C:\WINDOWS;C:\WINDOWS\System32\Wbem;C:\WINDOWS\System32\WindowsPowerShell\v1.0\;C:\Program Files\Intel\Intel(R) Management Engine Components\DAL;C:\Program Files\Intel\Intel(R) Management Engine Components\IPT;C:\Program Files (x86)\Intel\Intel(R) Management Engine Components\DAL;C:\Program Files (x86)\Intel\Intel(R) Management Engine Components\IPT;C:\Program Files\Microsoft SQL Server\110\Tools\Binn\;C:\Program Files (x86)\Microsoft SQL Server\110\Tools\Binn\;C:\Program Files\Microsoft SQL Server\110\DTS\Binn\;C:\Program Files (x86)\Microsoft SQL Server\110\Tools\Binn\ManagementStudio\;C:\Program Files (x86)\Microsoft SQL Server\110\DTS\Binn\;C:\Program Files (x86)\Windows Live\Shared;C:\Program Files\Microsoft SQL Server\130\Tools\Binn\;C:\Program Files (x86)\Skype\Phone\;C:\WINDOWS\System32\OpenSSH\;C:\Program Files\Git\cmd;C:\Program Files\dotnet\;C:\Program Files\Java\jdk-13.0.2\bin;C:\Maven\apache-maven-3.6.3\bin;C:\Users\AbrahamE\AppData\Local\Microsoft\WindowsApps;C:\Users\AbrahamE\AppData\Local\Programs\Microsoft VS Code\bin;C:\Program Files\JetBrains\IntelliJ IDEA Community Edition 2019.3.3\bin;."/>
    <property name="java.vm.info" value="mixed mode, sharing"/>
    <property name="java.vendor" value="Oracle Corporation"/>
    <property name="java.vm.version" value="13.0.2+8"/>
    <property name="classworlds.conf" value="C:\Maven\apache-maven-3.6.3\bin\..\bin\m2.conf"/>
    <property name="sun.io.unicode.encoding" value="UnicodeLittle"/>
    <property name="library.jansi.path" value="C:\Maven\apache-maven-3.6.3\bin\..\lib\jansi-native"/>
    <property name="java.class.version" value="57.0"/>
  </properties>
  <testcase name="theUserNavigatesToTheLoginPage" classname="Tests.LoginTest" time="0.891"/>
  <testcase name="theUserTypesTheCredentialsProvidedOnThePortal" classname="Tests.LoginTest" time="0.397"/>
  <testcase name="theUserLoginOnTheCafeTownsendPortalSuccessfully" classname="Tests.LoginTest" time="0.574"/>
  <testcase name="the_user_is_login_on_the_CafeTownsend_Portal" classname="Tests.LogoutTest" time="1.075"/>
  <testcase name="the_user_clicks_on_the_logout_button" classname="Tests.LogoutTest" time="0.567"/>
  <testcase name="the_user_is_logout_from_the_CafeTownsend_Portal" classname="Tests.LogoutTest" time="0.059"/>
  <testcase name="theUserNavigatesToTheLoginPage" classname="Tests.InvalidLoginTest" time="1.053"/>
  <testcase name="theUserTypesAWrongCredentialsOnTheLoginPage" classname="Tests.InvalidLoginTest" time="0.305"/>
  <testcase name="thePortalDisplayAInvalidCredentialsWarningOnTheLoginPage" classname="Tests.InvalidLoginTest" time="0.273"/>
  <testcase name="The_user_login_on_the_CafeTownsend_portal" classname="Tests.CreateEmployeeTest" time="1.026"/>
  <testcase name="the_user_clicks_on_the_Create_button" classname="Tests.CreateEmployeeTest" time="0.44"/>
  <testcase name="the_user_types_the_data_to_create_the_new_employee" classname="Tests.CreateEmployeeTest" time="0.945"/>
  <testcase name="the_new_employee_created_is_displayed_on_the_employee_list" classname="Tests.CreateEmployeeTest" time="8.463"/>
  <testcase name="the_user_validates_the_employee_data_was_inserted_correctly_on_the_CafeTownsend_portal" classname="Tests.CreateEmployeeTest" time="0.717"/>
  <testcase name="the_user_login_on_the_CafeTownsend_portal" classname="Tests.EditEmployeeTest" time="1.2"/>
  <testcase name="the_user_selects_an_employee_from_the_employee_list" classname="Tests.EditEmployeeTest" time="7.321"/>
  <testcase name="the_user_clicks_on_the_Edit_button" classname="Tests.EditEmployeeTest" time="0.186"/>
  <testcase name="the_user_edits_an_employee" classname="Tests.EditEmployeeTest" time="7.595"/>
  <testcase name="the_user_validates_the_employee_data_was_edited_correctly_on_the_CafeTownsend_portal" classname="Tests.EditEmployeeTest" time="0.563"/>
  <testcase name="the_user_login_on_the_CafeTownsend_portal" classname="Tests.DeleteEmployeeTest" time="1.075"/>
  <testcase name="the_user_selects_an_employee_from_the_employee_list" classname="Tests.DeleteEmployeeTest" time="7.028"/>
  <testcase name="theUserClicksOnTheDeleteButton" classname="Tests.DeleteEmployeeTest" time="1.004"/>
  <testcase name="theUserValidatesTheEmployeeWasDeletedCorrectlyFromTheCafeTownsendPortalEmployeeList" classname="Tests.DeleteEmployeeTest" time="10.109"/>
</testsuite>