<?xml version="1.0" encoding="UTF-8"?>
<!-- Generated by org.testng.reporters.JUnitReportReporter -->
<testsuite hostname="ABRAHAMMEJIA-PC" failures="0" tests="3" name="Tests.LoginTest" time="1.860" errors="0" timestamp="2020-03-08T20:04:22 BOT" skipped="0">
  <testcase classname="Tests.LoginTest" name="theUserNavigatesToTheLoginPage" time="0.889"/>
  <system-out/>
  <testcase classname="Tests.LoginTest" name="theUserTypesTheCredentialsProvidedOnThePortal" time="0.396"/>
  <system-out/>
  <testcase classname="Tests.LoginTest" name="theUserLoginOnTheCafeTownsendPortalSuccessfully" time="0.575"/>
  <system-out/>
</testsuite> <!-- Tests.LoginTest -->
