<?xml version="1.0" encoding="UTF-8"?>
<!-- Generated by org.testng.reporters.JUnitReportReporter -->
<testsuite hostname="ABRAHAMMEJIA-PC" failures="0" tests="5" name="Tests.CreateEmployeeTest" time="11.587" errors="0" timestamp="2020-03-08T20:04:22 BOT" skipped="0">
  <testcase classname="Tests.CreateEmployeeTest" name="The_user_login_on_the_CafeTownsend_portal" time="1.025"/>
  <system-out/>
  <testcase classname="Tests.CreateEmployeeTest" name="the_user_clicks_on_the_Create_button" time="0.440"/>
  <system-out/>
  <testcase classname="Tests.CreateEmployeeTest" name="the_user_types_the_data_to_create_the_new_employee" time="0.944"/>
  <system-out/>
  <testcase classname="Tests.CreateEmployeeTest" name="the_new_employee_created_is_displayed_on_the_employee_list" time="8.462"/>
  <system-out/>
  <testcase classname="Tests.CreateEmployeeTest" name="the_user_validates_the_employee_data_was_inserted_correctly_on_the_CafeTownsend_portal" time="0.716"/>
  <system-out/>
</testsuite> <!-- Tests.CreateEmployeeTest -->
