<?xml version="1.0" encoding="UTF-8"?>
<!-- Generated by org.testng.reporters.JUnitReportReporter -->
<testsuite hostname="ABRAHAMMEJIA-PC" failures="0" tests="5" name="Tests.EditEmployeeTest" time="16.861" errors="0" timestamp="2020-03-08T20:04:22 BOT" skipped="0">
  <testcase classname="Tests.EditEmployeeTest" name="the_user_login_on_the_CafeTownsend_portal" time="1.199"/>
  <system-out/>
  <testcase classname="Tests.EditEmployeeTest" name="the_user_selects_an_employee_from_the_employee_list" time="7.321"/>
  <system-out/>
  <testcase classname="Tests.EditEmployeeTest" name="the_user_clicks_on_the_Edit_button" time="0.185"/>
  <system-out/>
  <testcase classname="Tests.EditEmployeeTest" name="the_user_edits_an_employee" time="7.594"/>
  <system-out/>
  <testcase classname="Tests.EditEmployeeTest" name="the_user_validates_the_employee_data_was_edited_correctly_on_the_CafeTownsend_portal" time="0.562"/>
  <system-out/>
</testsuite> <!-- Tests.EditEmployeeTest -->
