<?xml version="1.0" encoding="UTF-8"?>
<!-- Generated by org.testng.reporters.JUnitReportReporter -->
<testsuite hostname="ABRAHAMMEJIA-PC" failures="0" tests="4" name="Tests.DeleteEmployeeTest" time="19.214" errors="0" timestamp="2020-03-08T20:04:22 BOT" skipped="0">
  <testcase classname="Tests.DeleteEmployeeTest" name="the_user_login_on_the_CafeTownsend_portal" time="1.075"/>
  <system-out/>
  <testcase classname="Tests.DeleteEmployeeTest" name="the_user_selects_an_employee_from_the_employee_list" time="7.025"/>
  <system-out/>
  <testcase classname="Tests.DeleteEmployeeTest" name="theUserClicksOnTheDeleteButton" time="1.005"/>
  <system-out/>
  <testcase classname="Tests.DeleteEmployeeTest" name="theUserValidatesTheEmployeeWasDeletedCorrectlyFromTheCafeTownsendPortalEmployeeList" time="10.109"/>
  <system-out/>
</testsuite> <!-- Tests.DeleteEmployeeTest -->
