<?xml version="1.0" encoding="UTF-8"?>
<!-- Generated by org.testng.reporters.JUnitReportReporter -->
<testsuite hostname="ABRAHAMMEJIA-PC" failures="0" tests="3" name="Tests.InvalidLoginTest" time="1.635" errors="0" timestamp="2020-03-08T20:04:22 BOT" skipped="0">
  <testcase classname="Tests.InvalidLoginTest" name="theUserNavigatesToTheLoginPage" time="1.058"/>
  <system-out/>
  <testcase classname="Tests.InvalidLoginTest" name="theUserTypesAWrongCredentialsOnTheLoginPage" time="0.304"/>
  <system-out/>
  <testcase classname="Tests.InvalidLoginTest" name="thePortalDisplayAInvalidCredentialsWarningOnTheLoginPage" time="0.273"/>
  <system-out/>
</testsuite> <!-- Tests.InvalidLoginTest -->
