<?xml version="1.0" encoding="UTF-8"?>
<!-- Generated by org.testng.reporters.JUnitReportReporter -->
<testsuite hostname="ABRAHAMMEJIA-PC" failures="0" tests="3" name="Tests.LogoutTest" time="1.699" errors="0" timestamp="2020-03-08T20:04:22 BOT" skipped="0">
  <testcase classname="Tests.LogoutTest" name="the_user_is_login_on_the_CafeTownsend_Portal" time="1.075"/>
  <system-out/>
  <testcase classname="Tests.LogoutTest" name="the_user_clicks_on_the_logout_button" time="0.566"/>
  <system-out/>
  <testcase classname="Tests.LogoutTest" name="the_user_is_logout_from_the_CafeTownsend_Portal" time="0.058"/>
  <system-out/>
</testsuite> <!-- Tests.LogoutTest -->
